<?xml version="1.0" encoding="utf-8"?><testsuites name="pytest tests"><testsuite name="pytest" errors="0" failures="0" skipped="0" tests="21" time="11.080" timestamp="2026-08-11T14:53:52.254589+00:00" hostname="agent-env-4dc3902f-af95-4583-9c08-7f1651890e6a"><testcase classname="tests.test_console_admin.TestOverview" name="test_overview_shape" time="0.554" /><testcase classname="tests.test_console_admin.TestManagers" name="test_list_managers" time="0.140" /><testcase classname="tests.test_console_admin.TestManagers" name="test_create_fund_and_quota" time="1.072" /><testcase classname="tests.test_console_admin.TestAdmins" name="test_list_admins" time="0.122" /><testcase classname="tests.test_console_admin.TestTransactions" name="test_pagination_shape" time="0.118" /><testcase classname="tests.test_console_admin.TestTransactions" name="test_type_filter" time="0.132" /><testcase classname="tests.test_console_admin.TestTransactions" name="test_reverse_creates_reversal" time="5.776" /><testcase classname="tests.test_console_admin.TestManagerScope" name="test_my_allocation" time="0.483" /><testcase classname="tests.test_console_admin.TestManagerScope" name="test_my_admins" time="0.122" /><testcase classname="tests.test_console_admin.TestManagerScope" name="test_allocate_increases_admin_wallet" time="0.771" /><testcase classname="tests.test_console_admin.TestAdminScope" name="test_my_players" time="0.140" /><testcase classname="tests.test_console_admin.TestAdminScope" name="test_wallet_me" time="0.133" /><testcase classname="tests.test_console_admin.TestRoleIsolation" name="test_manager_forbidden[/admin/overview]" time="0.143" /><testcase classname="tests.test_console_admin.TestRoleIsolation" name="test_manager_forbidden[/admin/managers]" time="0.117" /><testcase classname="tests.test_console_admin.TestRoleIsolation" name="test_manager_forbidden[/admin/admins]" time="0.129" /><testcase classname="tests.test_console_admin.TestRoleIsolation" name="test_manager_forbidden[/admin/transactions]" time="0.111" /><testcase classname="tests.test_console_admin.TestRoleIsolation" name="test_admin_forbidden[/admin/overview]" time="0.116" /><testcase classname="tests.test_console_admin.TestRoleIsolation" name="test_admin_forbidden[/admin/managers]" time="0.116" /><testcase classname="tests.test_console_admin.TestRoleIsolation" name="test_admin_forbidden[/admin/admins]" time="0.125" /><testcase classname="tests.test_console_admin.TestRoleIsolation" name="test_admin_forbidden[/admin/transactions]" time="0.114" /><testcase classname="tests.test_console_admin.TestRoleIsolation" name="test_player_forbidden_on_admin_endpoints" time="0.465" /></testsuite></testsuites>