<?xml version="1.0" encoding="utf-8"?><testsuites name="pytest tests"><testsuite name="pytest" errors="0" failures="0" skipped="0" tests="11" time="8.623" timestamp="2026-08-12T04:16:50.103492+00:00" hostname="agent-env-4dc3902f-af95-4583-9c08-7f1651890e6a"><testcase classname="tests.test_console_theme" name="test_console_theme_persistence_all_console_roles[superadmin]" time="1.129" /><testcase classname="tests.test_console_theme" name="test_console_theme_persistence_all_console_roles[admin1]" time="0.971" /><testcase classname="tests.test_console_theme" name="test_console_theme_persistence_all_console_roles[zonal1]" time="1.031" /><testcase classname="tests.test_console_theme" name="test_console_theme_persistence_all_console_roles[manager1]" time="0.930" /><testcase classname="tests.test_console_theme" name="test_console_theme_invalid_falls_back_to_default" time="0.413" /><testcase classname="tests.test_console_theme" name="test_all_four_themes_accepted[default]" time="0.543" /><testcase classname="tests.test_console_theme" name="test_all_four_themes_accepted[dark]" time="0.559" /><testcase classname="tests.test_console_theme" name="test_all_four_themes_accepted[sky]" time="0.568" /><testcase classname="tests.test_console_theme" name="test_all_four_themes_accepted[navy]" time="0.626" /><testcase classname="tests.test_console_theme" name="test_theme_endpoint_requires_auth" time="0.087" /><testcase classname="tests.test_console_theme" name="test_themes_independent_between_users" time="1.239" /></testsuite></testsuites>