<?xml version="1.0" encoding="utf-8"?><testsuites name="pytest tests"><testsuite name="pytest" errors="0" failures="0" skipped="0" tests="13" time="3.905" timestamp="2026-08-15T07:48:58.134330+00:00" hostname="agent-env-4dc3902f-af95-4583-9c08-7f1651890e6a"><testcase classname="tests.test_crypto_purchase_iter31.TestConfig" name="test_get_config_defaults" time="0.474" /><testcase classname="tests.test_crypto_purchase_iter31.TestConfig" name="test_set_config" time="0.100" /><testcase classname="tests.test_crypto_purchase_iter31.TestConfig" name="test_upload_qr_and_fetch" time="0.908" /><testcase classname="tests.test_crypto_purchase_iter31.TestAdminConfig" name="test_admin_gets_public_config" time="0.107" /><testcase classname="tests.test_crypto_purchase_iter31.TestPurchaseFlow" name="test_submit_below_min_blocked" time="0.100" /><testcase classname="tests.test_crypto_purchase_iter31.TestPurchaseFlow" name="test_full_confirm_flow_credits_delta" time="0.735" /><testcase classname="tests.test_crypto_purchase_iter31.TestPurchaseFlow" name="test_reject_flow_no_credit" time="0.443" /><testcase classname="tests.test_crypto_purchase_iter31.TestCoinSupply" name="test_report_has_crypto_line" time="0.118" /><testcase classname="tests.test_crypto_purchase_iter31.TestRBAC" name="test_player_cannot_hit_admin_crypto" time="0.415" /><testcase classname="tests.test_crypto_purchase_iter31.TestRBAC" name="test_player_cannot_hit_superadmin_crypto" time="0.099" /><testcase classname="tests.test_crypto_purchase_iter31.TestRBAC" name="test_admin_cannot_hit_superadmin_crypto_config" time="0.093" /><testcase classname="tests.test_crypto_purchase_iter31.TestRBAC" name="test_admin_cannot_confirm" time="0.098" /><testcase classname="tests.test_crypto_purchase_iter31.TestRBAC" name="test_admin_cannot_reject" time="0.139" /></testsuite></testsuites>