<?xml version="1.0" encoding="utf-8"?><testsuites name="pytest tests"><testsuite name="pytest" errors="0" failures="0" skipped="0" tests="9" time="13.612" timestamp="2026-08-11T17:09:05.597961+00:00" hostname="agent-env-4dc3902f-af95-4583-9c08-7f1651890e6a"><testcase classname="tests.test_deposit_screenshot_ocr" name="test_deposit_no_screenshot" time="1.814" /><testcase classname="tests.test_deposit_screenshot_ocr" name="test_deposit_with_screenshot_ocr_unavailable" time="0.336" /><testcase classname="tests.test_deposit_screenshot_ocr" name="test_deposit_non_image_rejected" time="0.137" /><testcase classname="tests.test_deposit_screenshot_ocr" name="test_duplicate_utr_flag" time="0.827" /><testcase classname="tests.test_deposit_screenshot_ocr" name="test_admin_can_view_screenshot" time="2.502" /><testcase classname="tests.test_deposit_screenshot_ocr" name="test_screenshot_404_when_no_screenshot" time="0.254" /><testcase classname="tests.test_deposit_screenshot_ocr" name="test_screenshot_scope_isolation" time="6.650" /><testcase classname="tests.test_deposit_screenshot_ocr" name="test_confirm_regression_idempotent" time="0.792" /><testcase classname="tests.test_deposit_screenshot_ocr" name="test_reject_regression" time="0.250" /></testsuite></testsuites>