<?xml version="1.0" encoding="utf-8"?><testsuites name="pytest tests"><testsuite name="pytest" errors="0" failures="0" skipped="0" tests="16" time="10.280" timestamp="2026-08-11T16:12:24.865428+00:00" hostname="agent-env-4dc3902f-af95-4583-9c08-7f1651890e6a"><testcase classname="tests.test_royal11_deposits_referrals" name="test_admin_bank_account_upsert_and_get" time="2.096" /><testcase classname="tests.test_royal11_deposits_referrals" name="test_player_deposit_info" time="0.136" /><testcase classname="tests.test_royal11_deposits_referrals" name="test_deposit_create_confirm_idempotent" time="1.154" /><testcase classname="tests.test_royal11_deposits_referrals" name="test_deposit_reject" time="0.857" /><testcase classname="tests.test_royal11_deposits_referrals" name="test_deposits_scoped" time="0.387" /><testcase classname="tests.test_royal11_deposits_referrals" name="test_revenue_split_update" time="0.325" /><testcase classname="tests.test_royal11_deposits_referrals" name="test_revenue_split_bounds" time="0.277" /><testcase classname="tests.test_royal11_deposits_referrals" name="test_settlements_list_and_math" time="0.135" /><testcase classname="tests.test_royal11_deposits_referrals" name="test_settlements_forbidden_for_admin" time="0.123" /><testcase classname="tests.test_royal11_deposits_referrals" name="test_register_with_referral_credits_referrer" time="0.744" /><testcase classname="tests.test_royal11_deposits_referrals" name="test_activity_nudge_shape" time="0.252" /><testcase classname="tests.test_royal11_deposits_referrals" name="test_daily_summary" time="0.128" /><testcase classname="tests.test_royal11_deposits_referrals" name="test_daily_summary_export_csv" time="0.105" /><testcase classname="tests.test_royal11_deposits_referrals" name="test_daily_summary_forbidden_admin" time="0.098" /><testcase classname="tests.test_royal11_deposits_referrals" name="test_admins_list_has_usage_level" time="0.132" /><testcase classname="tests.test_royal11_deposits_referrals" name="test_auto_suspend_and_reinstate" time="2.743" /></testsuite></testsuites>