<?xml version="1.0" encoding="utf-8"?><testsuites name="pytest tests"><testsuite name="pytest" errors="0" failures="0" skipped="0" tests="35" time="7.752" timestamp="2026-08-14T04:42:56.481007+00:00" hostname="agent-env-4dc3902f-af95-4583-9c08-7f1651890e6a"><testcase classname="tests.test_royal11_iter23_support_referral_profile.TestSupportPlayer" name="test_create_ticket_deposit_high_priority" time="0.487" /><testcase classname="tests.test_royal11_iter23_support_referral_profile.TestSupportPlayer" name="test_ticket_appears_in_my_list" time="0.104" /><testcase classname="tests.test_royal11_iter23_support_referral_profile.TestSupportPlayer" name="test_general_ticket_normal_priority" time="0.095" /><testcase classname="tests.test_royal11_iter23_support_referral_profile.TestSupportPlayer" name="test_player_can_reply_own_ticket" time="0.102" /><testcase classname="tests.test_royal11_iter23_support_referral_profile.TestSupportStaff" name="test_admin_sees_player_ticket" time="0.428" /><testcase classname="tests.test_royal11_iter23_support_referral_profile.TestSupportStaff" name="test_admin_reply_moves_to_in_progress" time="0.126" /><testcase classname="tests.test_royal11_iter23_support_referral_profile.TestSupportStaff" name="test_admin_internal_note_hidden_from_player" time="0.232" /><testcase classname="tests.test_royal11_iter23_support_referral_profile.TestSupportStaff" name="test_admin_can_resolve" time="0.104" /><testcase classname="tests.test_royal11_iter23_support_referral_profile.TestSupportStaff" name="test_admin_can_escalate" time="0.099" /><testcase classname="tests.test_royal11_iter23_support_referral_profile.TestSupportHelper" name="test_helper_can_login" time="0.640" /><testcase classname="tests.test_royal11_iter23_support_referral_profile.TestSupportHelper" name="test_helper_sees_admin_scope_tickets" time="0.107" /><testcase classname="tests.test_royal11_iter23_support_referral_profile.TestSupportHelper" name="test_helper_can_reply" time="0.114" /><testcase classname="tests.test_royal11_iter23_support_referral_profile.TestSupportHelper" name="test_helper_forbidden_on_financial_endpoints[/admin/overview-GET-None]" time="0.110" /><testcase classname="tests.test_royal11_iter23_support_referral_profile.TestSupportHelper" name="test_helper_forbidden_on_financial_endpoints[/admin/my-players-GET-None]" time="0.093" /><testcase classname="tests.test_royal11_iter23_support_referral_profile.TestSupportHelper" name="test_helper_forbidden_on_financial_endpoints[/admin/transactions-GET-None]" time="0.096" /><testcase classname="tests.test_royal11_iter23_support_referral_profile.TestSupportHelper" name="test_helper_forbidden_on_financial_endpoints[/admin/grant-POST-body3]" time="0.096" /><testcase classname="tests.test_royal11_iter23_support_referral_profile.TestSupportHelper" name="test_helper_forbidden_on_financial_endpoints[/support/admin/helpers-POST-body4]" time="0.105" /><testcase classname="tests.test_royal11_iter23_support_referral_profile.TestReferralConfig403" name="test_admin_cannot_read_config" time="0.098" /><testcase classname="tests.test_royal11_iter23_support_referral_profile.TestReferralConfig403" name="test_manager_cannot_read_config" time="0.447" /><testcase classname="tests.test_royal11_iter23_support_referral_profile.TestReferralConfig403" name="test_player_cannot_read_config" time="0.120" /><testcase classname="tests.test_royal11_iter23_support_referral_profile.TestReferralConfig403" name="test_sa_can_read_config" time="0.436" /><testcase classname="tests.test_royal11_iter23_support_referral_profile.TestReferralMe" name="test_player_me" time="0.111" /><testcase classname="tests.test_royal11_iter23_support_referral_profile.TestReferralFlow" name="test_signup_verify_and_link" time="0.981" /><testcase classname="tests.test_royal11_iter23_support_referral_profile.TestReferralFlow" name="test_signup_qualify_event_SIGNUP_rewards_referrer_immediately" time="1.059" /><testcase classname="tests.test_royal11_iter23_support_referral_profile.TestPlayerProfileSelf" name="test_get_own" time="0.098" /><testcase classname="tests.test_royal11_iter23_support_referral_profile.TestPlayerProfileSelf" name="test_update_own" time="0.103" /><testcase classname="tests.test_royal11_iter23_support_referral_profile.TestSensitiveAccessMatrix" name="test_sa_lookup_200" time="0.090" /><testcase classname="tests.test_royal11_iter23_support_referral_profile.TestSensitiveAccessMatrix" name="test_sa_sensitive_200" time="0.192" /><testcase classname="tests.test_royal11_iter23_support_referral_profile.TestSensitiveAccessMatrix" name="test_non_sa_lookup_403[admin_token]" time="0.095" /><testcase classname="tests.test_royal11_iter23_support_referral_profile.TestSensitiveAccessMatrix" name="test_non_sa_lookup_403[manager_token]" time="0.115" /><testcase classname="tests.test_royal11_iter23_support_referral_profile.TestSensitiveAccessMatrix" name="test_non_sa_lookup_403[player_token]" time="0.094" /><testcase classname="tests.test_royal11_iter23_support_referral_profile.TestSensitiveAccessMatrix" name="test_non_sa_sensitive_403[admin_token]" time="0.102" /><testcase classname="tests.test_royal11_iter23_support_referral_profile.TestSensitiveAccessMatrix" name="test_non_sa_sensitive_403[manager_token]" time="0.105" /><testcase classname="tests.test_royal11_iter23_support_referral_profile.TestSensitiveAccessMatrix" name="test_non_sa_sensitive_403[player_token]" time="0.106" /><testcase classname="tests.test_royal11_iter23_support_referral_profile.TestSensitiveAccessMatrix" name="test_sa_reveal_writes_audit_log" time="0.195" /></testsuite></testsuites>