<?xml version="1.0" encoding="utf-8"?><testsuites name="pytest tests"><testsuite name="pytest" errors="0" failures="0" skipped="0" tests="7" time="3.327" timestamp="2026-08-14T19:17:24.783431+00:00" hostname="agent-env-4dc3902f-af95-4583-9c08-7f1651890e6a"><testcase classname="tests.test_iter26_endpoints" name="test_festival_status_active" time="0.719" /><testcase classname="tests.test_iter26_endpoints" name="test_festival_claim_then_idempotent" time="0.916" /><testcase classname="tests.test_iter26_endpoints" name="test_referral_me" time="0.154" /><testcase classname="tests.test_iter26_endpoints" name="test_referral_admin_stats_sa" time="0.540" /><testcase classname="tests.test_iter26_endpoints" name="test_referral_admin_stats_forbidden_for_player" time="0.191" /><testcase classname="tests.test_iter26_endpoints" name="test_notifications_list" time="0.134" /><testcase classname="tests.test_iter26_endpoints" name="test_notifications_mark_read" time="0.328" /></testsuite></testsuites>