<?xml version="1.0" encoding="utf-8"?><testsuites name="pytest tests"><testsuite name="pytest" errors="0" failures="0" skipped="0" tests="22" time="3.910" timestamp="2026-08-15T08:26:03.635527+00:00" hostname="agent-env-4dc3902f-af95-4583-9c08-7f1651890e6a"><testcase classname="tests.test_settlement_payouts_iter33.TestTemplates" name="test_list_starters" time="0.844" /><testcase classname="tests.test_settlement_payouts_iter33.TestRBAC" name="test_player_forbidden_superadmin_settlement" time="0.844" /><testcase classname="tests.test_settlement_payouts_iter33.TestTemplates" name="test_fields_endpoint" time="0.322" /><testcase classname="tests.test_settlement_payouts_iter33.TestRBAC" name="test_admin_forbidden_superadmin_payouts" time="0.436" /><testcase classname="tests.test_settlement_payouts_iter33.TestTemplates" name="test_crud_template" time="0.317" /><testcase classname="tests.test_settlement_payouts_iter33.TestRBAC" name="test_admin_forbidden_superadmin_settlement_bank" time="0.121" /><testcase classname="tests.test_settlement_payouts_iter33.TestRBAC" name="test_player_forbidden_admin_settlement" time="0.100" /><testcase classname="tests.test_settlement_payouts_iter33.TestTemplates" name="test_bad_template_columns_400" time="0.094" /><testcase classname="tests.test_settlement_payouts_iter33.TestRBAC" name="test_admin_cannot_pay_other_settlement" time="0.143" /><testcase classname="tests.test_settlement_payouts_iter33.TestPayouts" name="test_admins_list" time="0.143" /><testcase classname="tests.test_settlement_payouts_iter33.TestAdminSettlements" name="test_my_settlements_returns_list" time="0.111" /><testcase classname="tests.test_settlement_payouts_iter33.TestPayouts" name="test_assign_template" time="0.340" /><testcase classname="tests.test_settlement_payouts_iter33.TestAdminSettlements" name="test_settlement_shape" time="0.108" /><testcase classname="tests.test_settlement_payouts_iter33.TestAdminSettlements" name="test_company_bank_visible_to_admin" time="0.092" /><testcase classname="tests.test_settlement_payouts_iter33.TestHealthAndAuth" name="test_backend_reachable" time="0.094" /><testcase classname="tests.test_settlement_payouts_iter33.TestPayouts" name="test_export_csv" time="0.602" /><testcase classname="tests.test_settlement_payouts_iter33.TestHealthAndAuth" name="test_logins" time="0.322" /><testcase classname="tests.test_settlement_payouts_iter33.TestCompanyBank" name="test_get" time="0.095" /><testcase classname="tests.test_settlement_payouts_iter33.TestCompanyBank" name="test_put_and_persist" time="0.236" /><testcase classname="tests.test_settlement_payouts_iter33.TestPayouts" name="test_export_empty_400" time="0.100" /><testcase classname="tests.test_settlement_payouts_iter33.TestSubmitPay" name="test_ensure_pending_and_submit" time="0.550" /><testcase classname="tests.test_settlement_payouts_iter33.TestSubmitPay" name="test_submit_pay_requires_proof" time="0.221" /></testsuite></testsuites>