<?xml version="1.0" encoding="utf-8"?><testsuites name="pytest tests"><testsuite name="pytest" errors="0" failures="0" skipped="0" tests="4" time="3.985" timestamp="2026-08-14T19:40:02.732068+00:00" hostname="agent-env-4dc3902f-af95-4583-9c08-7f1651890e6a"><testcase classname="tests.test_casino_join_fix_iter27" name="test_lobby_high_card_shape" time="1.014" /><testcase classname="tests.test_casino_join_fix_iter27" name="test_lobby_rummy_shape" time="0.137" /><testcase classname="tests.test_casino_join_fix_iter27" name="test_high_card_flow_and_join_rejection_when_running" time="1.355" /><testcase classname="tests.test_casino_join_fix_iter27" name="test_rummy_create_join_start" time="1.144" /></testsuite></testsuites>