<?xml version="1.0" encoding="utf-8"?><testsuites name="pytest tests"><testsuite name="pytest" errors="0" failures="0" skipped="0" tests="4" time="3.582" timestamp="2026-08-15T16:33:12.230388+00:00" hostname="agent-env-4dc3902f-af95-4583-9c08-7f1651890e6a"><testcase classname="tests.test_rummy_variants_api" name="test_pool_rummy_match_lifecycle" time="1.339" /><testcase classname="tests.test_rummy_variants_api" name="test_deals_rummy_match" time="0.537" /><testcase classname="tests.test_rummy_variants_api" name="test_points_rummy_no_match_object" time="0.495" /><testcase classname="tests.test_rummy_variants_api" name="test_turn_gating_non_turn_player_400" time="1.153" /></testsuite></testsuites>