<?xml version="1.0" encoding="utf-8"?><testsuites name="pytest tests"><testsuite name="pytest" errors="0" failures="2" skipped="0" tests="8" time="11.071" timestamp="2026-08-14T18:17:18.869594+00:00" hostname="agent-env-4dc3902f-af95-4583-9c08-7f1651890e6a"><testcase classname="tests.test_fantasy_e2e_iter24" name="test_matches_demo_first" time="9.056" /><testcase classname="tests.test_fantasy_e2e_iter24" name="test_fixture_players" time="0.200" /><testcase classname="tests.test_fantasy_e2e_iter24" name="test_demo_contests_commission" time="0.114" /><testcase classname="tests.test_fantasy_e2e_iter24" name="test_invalid_team_rejected" time="0.159"><failure message="assert ('one team' in '{&quot;detail&quot;:&quot;this contest is closed for entries&quot;}' or 'team' in '{&quot;detail&quot;:&quot;this contest is closed for entries&quot;}')&#10; +  where '{&quot;detail&quot;:&quot;this contest is closed for entries&quot;}' = &lt;built-in method lower of str object at 0xff8a3df3ba50&gt;()&#10; +    where &lt;built-in method lower of str object at 0xff8a3df3ba50&gt; = '{&quot;detail&quot;:&quot;This contest is closed for entries&quot;}'.lower&#10; +      where '{&quot;detail&quot;:&quot;This contest is closed for entries&quot;}' = &lt;Response [400]&gt;.text&#10; +  and   '{&quot;detail&quot;:&quot;this contest is closed for entries&quot;}' = &lt;built-in method lower of str object at 0xff8a3df3bf30&gt;()&#10; +    where &lt;built-in method lower of str object at 0xff8a3df3bf30&gt; = '{&quot;detail&quot;:&quot;This contest is closed for entries&quot;}'.lower&#10; +      where '{&quot;detail&quot;:&quot;This contest is closed for entries&quot;}' = &lt;Response [400]&gt;.text">tests/test_fantasy_e2e_iter24.py:120: in test_invalid_team_rejected
    assert "one team" in r.text.lower() or "team" in r.text.lower()
E   assert ('one team' in '{"detail":"this contest is closed for entries"}' or 'team' in '{"detail":"this contest is closed for entries"}')
E    +  where '{"detail":"this contest is closed for entries"}' = &lt;built-in method lower of str object at 0xff8a3df3ba50&gt;()
E    +    where &lt;built-in method lower of str object at 0xff8a3df3ba50&gt; = '{"detail":"This contest is closed for entries"}'.lower
E    +      where '{"detail":"This contest is closed for entries"}' = &lt;Response [400]&gt;.text
E    +  and   '{"detail":"this contest is closed for entries"}' = &lt;built-in method lower of str object at 0xff8a3df3bf30&gt;()
E    +    where &lt;built-in method lower of str object at 0xff8a3df3bf30&gt; = '{"detail":"This contest is closed for entries"}'.lower
E    +      where '{"detail":"This contest is closed for entries"}' = &lt;Response [400]&gt;.text</failure></testcase><testcase classname="tests.test_fantasy_e2e_iter24" name="test_free_practice_join_bug" time="0.133"><failure message="AssertionError: {&quot;detail&quot;:&quot;This contest is closed for entries&quot;}&#10;assert 400 == 200&#10; +  where 400 = &lt;Response [400]&gt;.status_code">tests/test_fantasy_e2e_iter24.py:137: in test_free_practice_join_bug
    assert r.status_code == 200, r.text
E   AssertionError: {"detail":"This contest is closed for entries"}
E   assert 400 == 200
E    +  where 400 = &lt;Response [400]&gt;.status_code</failure></testcase><testcase classname="tests.test_fantasy_e2e_iter24" name="test_join_mega_and_my_contests" time="0.415" /><testcase classname="tests.test_fantasy_e2e_iter24" name="test_settle_endpoint_gated_by_super_admin" time="0.131" /><testcase classname="tests.test_fantasy_e2e_iter24" name="test_super_admin_can_settle_demo" time="0.770" /></testsuite></testsuites>