<?xml version="1.0" encoding="utf-8"?><testsuites name="pytest tests"><testsuite name="pytest" errors="0" failures="2" skipped="0" tests="16" time="4.379" timestamp="2026-08-11T21:20:31.176469+00:00" hostname="agent-env-4dc3902f-af95-4583-9c08-7f1651890e6a"><testcase classname="tests.test_fantasy_endpoints_iter17.TestRBAC" name="test_player_forbidden_scoring_config" time="0.803" /><testcase classname="tests.test_fantasy_endpoints_iter17.TestRBAC" name="test_player_forbidden_admin_contests" time="0.119" /><testcase classname="tests.test_fantasy_endpoints_iter17.TestPlayerEndpoints" name="test_matches" time="1.492" /><testcase classname="tests.test_fantasy_endpoints_iter17.TestRBAC" name="test_player_forbidden_create_contest" time="0.168" /><testcase classname="tests.test_fantasy_endpoints_iter17.TestRBAC" name="test_admin_forbidden_settle" time="0.495" /><testcase classname="tests.test_fantasy_endpoints_iter17.TestPlayerEndpoints" name="test_contests_only_open" time="0.150" /><testcase classname="tests.test_fantasy_endpoints_iter17.TestRBAC" name="test_admin_forbidden_scoring_config" time="0.132" /><testcase classname="tests.test_fantasy_endpoints_iter17.TestPlayerEndpoints" name="test_my_contests" time="0.121" /><testcase classname="tests.test_fantasy_endpoints_iter17.TestRBAC" name="test_admin_allowed_list_contests" time="0.141" /><testcase classname="tests.test_fantasy_endpoints_iter17.TestPlayerEndpoints" name="test_fixture_players_shape" time="0.114" /><testcase classname="tests.test_fantasy" name="test_scoring_engine_values" time="0.000" /><testcase classname="tests.test_fantasy" name="test_team_score_captain_vice" time="0.000" /><testcase classname="tests.test_fantasy" name="test_validation_and_settlement" time="0.060" /><testcase classname="tests.test_fantasy_endpoints_iter17.TestScoringConfig" name="test_defaults" time="0.619"><failure message="AssertionError: assert None == -2&#10; +  where None = &lt;built-in method get of dict object at 0xfaa0b1df7600&gt;('duck')&#10; +    where &lt;built-in method get of dict object at 0xfaa0b1df7600&gt; = {'run': 1, 'four_bonus': 1, 'six_bonus': 2, 'fifty_bonus': 8, ...}.get">tests/test_fantasy_endpoints_iter17.py:82: in test_defaults
    assert cfg.get("duck") == -2
E   AssertionError: assert None == -2
E    +  where None = &lt;built-in method get of dict object at 0xfaa0b1df7600&gt;('duck')
E    +    where &lt;built-in method get of dict object at 0xfaa0b1df7600&gt; = {'run': 1, 'four_bonus': 1, 'six_bonus': 2, 'fifty_bonus': 8, ...}.get</failure></testcase><testcase classname="tests.test_fantasy_endpoints_iter17.TestAdminCreate" name="test_bogus_fixture_returns_400" time="0.908"><failure message="AssertionError: Expected 400 got 500: Internal Server Error&#10;assert 500 == 400&#10; +  where 500 = &lt;Response [500]&gt;.status_code">tests/test_fantasy_endpoints_iter17.py:141: in test_bogus_fixture_returns_400
    assert r.status_code == 400, f"Expected 400 got {r.status_code}: {r.text}"
E   AssertionError: Expected 400 got 500: Internal Server Error
E   assert 500 == 400
E    +  where 500 = &lt;Response [500]&gt;.status_code</failure></testcase><testcase classname="tests.test_fantasy_endpoints_iter17.TestScoringConfig" name="test_update_persists_and_ignores_invalid" time="0.527" /></testsuite></testsuites>