<?xml version="1.0" encoding="utf-8"?><testsuites name="pytest tests"><testsuite name="pytest" errors="0" failures="0" skipped="1" tests="13" time="11.508" timestamp="2026-08-14T21:36:52.639591+00:00" hostname="agent-env-4dc3902f-af95-4583-9c08-7f1651890e6a"><testcase classname="tests.test_iter30_slots_chatbot_mint.TestSlots" name="test_config_rtp" time="1.231" /><testcase classname="tests.test_iter30_slots_chatbot_mint.TestSlots" name="test_seed_get_and_rotate" time="0.313" /><testcase classname="tests.test_iter30_slots_chatbot_mint.TestSlots" name="test_practice_spin" time="0.125" /><testcase classname="tests.test_iter30_slots_chatbot_mint.TestSlots" name="test_cash_spin_and_verify" time="0.117"><skipped type="pytest.skip" message="player balance too low: 0">/app/backend/tests/test_iter30_slots_chatbot_mint.py:74: player balance too low: 0</skipped></testcase><testcase classname="tests.test_iter30_slots_chatbot_mint.TestCoinSupply" name="test_get_coin_supply" time="0.147" /><testcase classname="tests.test_iter30_slots_chatbot_mint.TestCoinSupply" name="test_forbidden_for_admin" time="0.136" /><testcase classname="tests.test_iter30_slots_chatbot_mint.TestCoinSupply" name="test_mint_to_manager_increases_supply" time="0.403" /><testcase classname="tests.test_iter30_slots_chatbot_mint.TestChatbot" name="test_send_message" time="2.691" /><testcase classname="tests.test_iter30_slots_chatbot_mint.TestChatbot" name="test_refuses_state_change" time="2.967" /><testcase classname="tests.test_iter30_slots_chatbot_mint.TestChatbot" name="test_admin_cannot_use_chatbot" time="0.135" /><testcase classname="tests.test_iter30_slots_chatbot_mint.TestChatbot" name="test_escalate_creates_ticket" time="0.231" /><testcase classname="tests.test_iter30_slots_chatbot_mint.TestSupportHelper" name="test_admin_sees_escalated_ticket" time="0.115" /><testcase classname="tests.test_iter30_slots_chatbot_mint.TestSupportHelper" name="test_create_helper_and_visibility" time="2.844" /></testsuite></testsuites>