<?xml version="1.0" encoding="utf-8"?><testsuites name="pytest tests"><testsuite name="pytest" errors="0" failures="1" skipped="0" tests="5" time="7.119" timestamp="2026-08-14T18:48:57.493743+00:00" hostname="agent-env-4dc3902f-af95-4583-9c08-7f1651890e6a"><testcase classname="tests.test_promo_iter25" name="test_promo_apply_royal50" time="6.165" /><testcase classname="tests.test_promo_iter25" name="test_promo_apply_duplicate_returns_400" time="0.139" /><testcase classname="tests.test_promo_iter25" name="test_promo_apply_invalid_code" time="0.187" /><testcase classname="tests.test_promo_iter25" name="test_promo_bonus_lands_in_bonus_rail" time="0.417"><failure message="AssertionError: bonus_balance did not grow by 100: before=1993, after=1993&#10;assert 1993 &gt;= (1993 + 100)">backend/tests/test_promo_iter25.py:81: in test_promo_bonus_lands_in_bonus_rail
    assert b_after &gt;= b_before + 100, f"bonus_balance did not grow by 100: before={b_before}, after={b_after}"
E   AssertionError: bonus_balance did not grow by 100: before=1993, after=1993
E   assert 1993 &gt;= (1993 + 100)</failure></testcase><testcase classname="tests.test_promo_iter25" name="test_promo_fantasy25" time="0.134" /></testsuite></testsuites>