<?xml version="1.0" encoding="utf-8"?><testsuites name="pytest tests"><testsuite name="pytest" errors="0" failures="0" skipped="0" tests="8" time="7.005" timestamp="2026-08-14T18:48:24.062727+00:00" hostname="agent-env-4dc3902f-af95-4583-9c08-7f1651890e6a"><testcase classname="tests.test_fantasy_e2e_iter24" name="test_matches_demo_first" time="4.663" /><testcase classname="tests.test_fantasy_e2e_iter24" name="test_fixture_players" time="0.173" /><testcase classname="tests.test_fantasy_e2e_iter24" name="test_demo_contests_commission" time="0.135" /><testcase classname="tests.test_fantasy_e2e_iter24" name="test_invalid_team_rejected" time="0.128" /><testcase classname="tests.test_fantasy_e2e_iter24" name="test_free_practice_join_bug" time="0.205" /><testcase classname="tests.test_fantasy_e2e_iter24" name="test_join_mega_and_my_contests" time="0.664" /><testcase classname="tests.test_fantasy_e2e_iter24" name="test_settle_endpoint_gated_by_super_admin" time="0.144" /><testcase classname="tests.test_fantasy_e2e_iter24" name="test_super_admin_can_settle_demo" time="0.835" /></testsuite></testsuites>