<?xml version="1.0" encoding="utf-8"?><testsuites name="pytest tests"><testsuite name="pytest" errors="0" failures="0" skipped="0" tests="8" time="4.541" timestamp="2026-08-12T03:51:58.438851+00:00" hostname="agent-env-4dc3902f-af95-4583-9c08-7f1651890e6a"><testcase classname="tests.test_otp_and_security" name="test_register_returns_otp_sent_and_login_blocked" time="0.763" /><testcase classname="tests.test_otp_and_security" name="test_wrong_otp_then_correct_activates_and_credits_welcome_bonus" time="1.117" /><testcase classname="tests.test_otp_and_security" name="test_resend_otp_rate_limited" time="0.492" /><testcase classname="tests.test_otp_and_security" name="test_seeded_logins_still_work[superadmin@royal11.com]" time="0.318" /><testcase classname="tests.test_otp_and_security" name="test_seeded_logins_still_work[admin1@royal11.com]" time="0.318" /><testcase classname="tests.test_otp_and_security" name="test_seeded_logins_still_work[player1@royal11.com]" time="0.364" /><testcase classname="tests.test_otp_and_security" name="test_seeded_logins_still_work[manager1@royal11.com]" time="0.318" /><testcase classname="tests.test_otp_and_security" name="test_seeded_logins_still_work[zonal1@royal11.com]" time="0.322" /></testsuite></testsuites>