<?xml version="1.0" encoding="utf-8"?><testsuites name="pytest tests"><testsuite name="pytest" errors="0" failures="0" skipped="0" tests="11" time="30.640" timestamp="2026-08-11T20:51:13.207624+00:00" hostname="agent-env-4dc3902f-af95-4583-9c08-7f1651890e6a"><testcase classname="tests.test_games_payroll_iter16.TestLuckySpin" name="test_spin_debits_and_credits" time="1.877" /><testcase classname="tests.test_games_payroll_iter16.TestLuckySpin" name="test_spin_insufficient" time="7.666" /><testcase classname="tests.test_games_payroll_iter16.TestStore" name="test_buy_avatar_and_reject_double_and_equip" time="6.845" /><testcase classname="tests.test_games_payroll_iter16.TestStore" name="test_buy_boost_repeatable_and_sets_boost_until" time="1.967" /><testcase classname="tests.test_games_payroll_iter16.TestStore" name="test_unknown_item" time="0.659" /><testcase classname="tests.test_games_payroll_iter16.TestStore" name="test_insufficient" time="3.442" /><testcase classname="tests.test_games_payroll_iter16.TestContest" name="test_join_and_double_join_and_unknown" time="2.125" /><testcase classname="tests.test_games_payroll_iter16.TestPayslips" name="test_manager_payslips" time="1.137" /><testcase classname="tests.test_games_payroll_iter16.TestPayslips" name="test_zm_payslips" time="1.279" /><testcase classname="tests.test_games_payroll_iter16.TestPayrollCatchup" name="test_run_recent_payroll_idempotent" time="0.594" /><testcase classname="tests.test_games_payroll_iter16.TestWalletHistory" name="test_labels_present" time="2.994" /></testsuite></testsuites>