<?xml version="1.0" encoding="utf-8"?><testsuites name="pytest tests"><testsuite name="pytest" errors="0" failures="0" skipped="0" tests="10" time="5.443" timestamp="2026-08-11T19:57:08.105143+00:00" hostname="agent-env-4dc3902f-af95-4583-9c08-7f1651890e6a"><testcase classname="tests.test_multi_bank_upi.TestListBankAccounts" name="test_admin_list_shape" time="0.537" /><testcase classname="tests.test_multi_bank_upi.TestListBankAccounts" name="test_manager_can_list_own" time="0.515" /><testcase classname="tests.test_multi_bank_upi.TestListBankAccounts" name="test_super_admin_forbidden" time="0.487" /><testcase classname="tests.test_multi_bank_upi.TestCreateBankAccountRules" name="test_first_is_auto_active_second_inactive" time="1.284" /><testcase classname="tests.test_multi_bank_upi.TestActivateAndIsolation" name="test_activate_switches_active" time="0.241" /><testcase classname="tests.test_multi_bank_upi.TestActivateAndIsolation" name="test_activate_other_admins_account_returns_404" time="0.115" /><testcase classname="tests.test_multi_bank_upi.TestActivateAndIsolation" name="test_admin_cannot_see_other_admin_accounts" time="0.121" /><testcase classname="tests.test_multi_bank_upi.TestDepositStamping" name="test_deposit_info_returns_active_with_upi" time="0.486" /><testcase classname="tests.test_multi_bank_upi.TestDepositStamping" name="test_deposit_stamps_and_totals" time="1.264" /><testcase classname="tests.test_multi_bank_upi.TestSuspensionBlocks" name="test_suspended_admin_cannot_add_or_activate" time="0.342" /></testsuite></testsuites>