<?xml version="1.0" encoding="utf-8"?><testsuites name="pytest tests"><testsuite name="pytest" errors="0" failures="0" skipped="0" tests="18" time="6.767" timestamp="2026-08-11T20:26:07.106290+00:00" hostname="agent-env-4dc3902f-af95-4583-9c08-7f1651890e6a"><testcase classname="tests.test_payroll_whatsapp_banklabel.TestPayrollSet" name="test_set_manager_payroll_sa_ok" time="2.962" /><testcase classname="tests.test_payroll_whatsapp_banklabel.TestPayrollSet" name="test_set_manager_payroll_forbidden_for_manager" time="0.127" /><testcase classname="tests.test_payroll_whatsapp_banklabel.TestPayrollSet" name="test_set_manager_payroll_forbidden_for_zonal" time="0.179" /><testcase classname="tests.test_payroll_whatsapp_banklabel.TestPayrollSet" name="test_set_zonal_payroll_sa_ok" time="0.123" /><testcase classname="tests.test_payroll_whatsapp_banklabel.TestPayrollSet" name="test_set_zonal_payroll_forbidden_zm" time="0.111" /><testcase classname="tests.test_payroll_whatsapp_banklabel.TestPayrollView" name="test_manager_my_payroll" time="0.279" /><testcase classname="tests.test_payroll_whatsapp_banklabel.TestPayrollView" name="test_manager_payroll_target_high" time="0.461" /><testcase classname="tests.test_payroll_whatsapp_banklabel.TestPayrollView" name="test_zonal_my_payroll" time="0.149" /><testcase classname="tests.test_payroll_whatsapp_banklabel.TestPayrollView" name="test_my_payroll_forbidden_for_admin" time="0.193" /><testcase classname="tests.test_payroll_whatsapp_banklabel.TestPayrollIdempotent" name="test_run_payroll_idempotent" time="0.392" /><testcase classname="tests.test_payroll_whatsapp_banklabel.TestWhatsApp" name="test_admin_set_and_get_whatsapp" time="0.293" /><testcase classname="tests.test_payroll_whatsapp_banklabel.TestWhatsApp" name="test_manager_set_whatsapp" time="0.163" /><testcase classname="tests.test_payroll_whatsapp_banklabel.TestWhatsApp" name="test_player_cannot_set_whatsapp" time="0.123" /><testcase classname="tests.test_payroll_whatsapp_banklabel.TestWhatsApp" name="test_player_my_agent_returns_whatsapp" time="0.260" /><testcase classname="tests.test_payroll_whatsapp_banklabel.TestWhatsApp" name="test_deposit_info_includes_whatsapp" time="0.120" /><testcase classname="tests.test_payroll_whatsapp_banklabel.TestWhatsApp" name="test_my_agent_null_when_no_whatsapp" time="0.389" /><testcase classname="tests.test_payroll_whatsapp_banklabel.TestBankLabel" name="test_create_bank_account_with_label" time="0.243" /><testcase classname="tests.test_payroll_whatsapp_banklabel.TestBankLabel" name="test_create_bank_account_without_label_ok" time="0.120" /></testsuite></testsuites>