<?xml version="1.0" encoding="utf-8"?><testsuites name="pytest tests"><testsuite name="pytest" errors="0" failures="0" skipped="0" tests="5" time="25.702" timestamp="2026-08-09T19:34:30.915326+00:00" hostname="agent-env-4dc3902f-af95-4583-9c08-7f1651890e6a"><testcase classname="tests.test_fantasy_coach.TestFantasyCoach" name="test_health" time="0.254" /><testcase classname="tests.test_fantasy_coach.TestFantasyCoach" name="test_coach_invariants[1]" time="3.812" /><testcase classname="tests.test_fantasy_coach.TestFantasyCoach" name="test_coach_invariants[2]" time="4.149" /><testcase classname="tests.test_fantasy_coach.TestFantasyCoach" name="test_coach_invariants[3]" time="4.714" /><testcase classname="tests.test_fantasy_coach.TestFantasyCoach" name="test_at_least_one_ai_response" time="12.250" /></testsuite></testsuites>