<?xml version="1.0" encoding="utf-8"?><testsuites name="pytest tests"><testsuite name="pytest" errors="0" failures="0" skipped="0" tests="7" time="6.012" timestamp="2026-08-12T03:28:32.864360+00:00" hostname="agent-env-4dc3902f-af95-4583-9c08-7f1651890e6a"><testcase classname="tests.test_branding" name="test_admin_set_and_get_branding" time="0.681" /><testcase classname="tests.test_branding" name="test_logo_upload_and_public_logo" time="2.869" /><testcase classname="tests.test_branding" name="test_public_unknown_slug_404" time="0.101" /><testcase classname="tests.test_branding" name="test_logo_rejects_non_image" time="0.417" /><testcase classname="tests.test_branding" name="test_player_cannot_access_admin_branding" time="0.429" /><testcase classname="tests.test_branding" name="test_admin_cannot_use_superadmin_endpoint" time="0.435" /><testcase classname="tests.test_branding" name="test_superadmin_edits_specific_admin_branding" time="0.577" /></testsuite></testsuites>