<?xml version="1.0" encoding="utf-8"?><testsuites name="pytest tests"><testsuite name="pytest" errors="0" failures="0" skipped="0" tests="6" time="7.784" timestamp="2026-08-11T16:44:41.524314+00:00" hostname="agent-env-4dc3902f-af95-4583-9c08-7f1651890e6a"><testcase classname="tests.test_royal11_recharge_part5" name="test_recharge_queue_role_isolation" time="2.284" /><testcase classname="tests.test_royal11_recharge_part5" name="test_recharge_request_admin_only" time="0.350" /><testcase classname="tests.test_royal11_recharge_part5" name="test_recharge_info_returns_bonus_rate" time="0.119" /><testcase classname="tests.test_royal11_recharge_part5" name="test_create_confirm_credits_once" time="0.990" /><testcase classname="tests.test_royal11_recharge_part5" name="test_reject_no_credit" time="0.573" /><testcase classname="tests.test_royal11_recharge_part5" name="test_suspension_lift_on_confirm" time="3.423" /></testsuite></testsuites>