<?xml version="1.0" encoding="utf-8"?><testsuites name="pytest tests"><testsuite name="pytest" errors="0" failures="0" skipped="0" tests="32" time="81.961" timestamp="2026-08-09T21:33:38.308211+00:00" hostname="agent-env-4dc3902f-af95-4583-9c08-7f1651890e6a"><testcase classname="tests.test_royal11_auth_wallet_admin.TestAuthRegister" name="test_register_player_and_welcome_bonus" time="1.292" /><testcase classname="tests.test_royal11_auth_wallet_admin.TestAuthRegister" name="test_register_duplicate_email_409" time="1.128" /><testcase classname="tests.test_royal11_auth_wallet_admin.TestAuthRegister" name="test_register_short_password_422" time="0.093" /><testcase classname="tests.test_royal11_auth_wallet_admin.TestAuthRegister" name="test_register_invalid_email_422" time="0.237" /><testcase classname="tests.test_royal11_auth_wallet_admin.TestAuthRegister" name="test_register_auto_assigns_to_admin" time="2.325" /><testcase classname="tests.test_royal11_auth_wallet_admin.TestAllocationAndGrant" name="test_manager_allocate_to_admin" time="5.188" /><testcase classname="tests.test_royal11_auth_wallet_admin.TestAuthLoginMe" name="test_login_success" time="0.408" /><testcase classname="tests.test_royal11_auth_wallet_admin.TestAllocationAndGrant" name="test_allocation_beyond_quota_400" time="0.258" /><testcase classname="tests.test_royal11_auth_wallet_admin.TestAllocationAndGrant" name="test_admin_grant_to_player" time="0.384" /><testcase classname="tests.test_royal11_auth_wallet_admin.TestAuthLoginMe" name="test_login_wrong_password_401" time="0.329" /><testcase classname="tests.test_royal11_auth_wallet_admin.TestAuthLoginMe" name="test_me_with_token" time="0.096" /><testcase classname="tests.test_royal11_auth_wallet_admin.TestAllocationAndGrant" name="test_admin_grant_idempotency_double_request" time="0.488" /><testcase classname="tests.test_royal11_auth_wallet_admin.TestAuthLoginMe" name="test_me_no_token_401" time="0.100" /><testcase classname="tests.test_royal11_auth_wallet_admin.TestAuthLoginMe" name="test_me_invalid_token_401" time="0.111" /><testcase classname="tests.test_royal11_auth_wallet_admin.TestRBAC" name="test_player_denied_admin_routes" time="0.129" /><testcase classname="tests.test_royal11_auth_wallet_admin.TestRBAC" name="test_admin_denied_allocate" time="68.479" /><testcase classname="tests.test_royal11_auth_wallet_admin.TestAllocationAndGrant" name="test_grant_to_unassigned_player_404" time="68.594" /><testcase classname="tests.test_royal11_auth_wallet_admin.TestRBAC" name="test_unauth_admin_route_401" time="0.128" /><testcase classname="tests.test_royal11_auth_wallet_admin.TestRBAC" name="test_manager_cannot_create_manager" time="0.097" /><testcase classname="tests.test_royal11_auth_wallet_admin.TestAllocationAndGrant" name="test_grant_overspend_400" time="0.101" /><testcase classname="tests.test_royal11_auth_wallet_admin.TestRegression" name="test_status_get" time="0.098" /><testcase classname="tests.test_royal11_auth_wallet_admin.TestAllocationAndGrant" name="test_manager_allocate_beyond_wallet_balance_400" time="1.340" /><testcase classname="tests.test_royal11_auth_wallet_admin.TestRegression" name="test_status_post" time="0.280" /><testcase classname="tests.test_royal11_auth_wallet_admin.TestRegression" name="test_fantasy_coach_still_works" time="3.746" /><testcase classname="tests.test_royal11_auth_wallet_admin.TestWallet" name="test_wallet_me_shape" time="0.107" /><testcase classname="tests.test_royal11_auth_wallet_admin.TestWallet" name="test_wallet_me_unauth" time="0.101" /><testcase classname="tests.test_royal11_auth_wallet_admin.TestAssignmentCapacity" name="test_assign_beyond_capacity_400" time="1.801" /><testcase classname="tests.test_royal11_auth_wallet_admin.TestAssignmentCapacity" name="test_my_players_lists_assigned" time="0.101" /><testcase classname="tests.test_royal11_auth_wallet_admin.TestReversal" name="test_reversal_creates_reversal_txn_and_is_idempotent" time="0.619" /><testcase classname="tests.test_royal11_auth_wallet_admin.TestSuperAdminManagerFlow" name="test_create_manager_fund_quota" time="0.962" /><testcase classname="tests.test_royal11_auth_wallet_admin.TestSuperAdminCreateAdmin" name="test_super_admin_needs_manager_id" time="0.317" /><testcase classname="tests.test_royal11_auth_wallet_admin.TestSuperAdminManagerFlow" name="test_quota_below_allocated_out_rejected" time="1.287" /></testsuite></testsuites>