<?xml version="1.0" encoding="utf-8"?><testsuites name="pytest tests"><testsuite name="pytest" errors="0" failures="0" skipped="0" tests="5" time="11.627" timestamp="2026-08-13T19:32:50.881778+00:00" hostname="agent-env-4dc3902f-af95-4583-9c08-7f1651890e6a"><testcase classname="tests.test_rummy_phase1_flow" name="test_quick_match_creates_and_joins_practice_table" time="1.675" /><testcase classname="tests.test_rummy_phase1_flow" name="test_turn_flow_and_off_turn_rejections" time="2.700" /><testcase classname="tests.test_rummy_phase1_flow" name="test_invalid_declaration_rejected_no_payout" time="1.953" /><testcase classname="tests.test_rummy_phase1_flow" name="test_cash_mode_escrow_refund_rake_ledger_and_xp" time="3.498" /><testcase classname="tests.test_rummy_phase1_flow" name="test_state_rehydrates_same_round_on_reconnect" time="1.731" /></testsuite></testsuites>