<?xml version="1.0" encoding="utf-8"?><testsuites name="pytest tests"><testsuite name="pytest" errors="0" failures="0" skipped="0" tests="23" time="8.598" timestamp="2026-08-11T19:42:22.838129+00:00" hostname="agent-env-4dc3902f-af95-4583-9c08-7f1651890e6a"><testcase classname="tests.test_zonal_manager_hierarchy.TestZonalManagerSA" name="test_list_zonal_managers" time="1.659" /><testcase classname="tests.test_zonal_manager_hierarchy.TestZonalManagerSA" name="test_create_new_zonal_manager" time="0.367" /><testcase classname="tests.test_zonal_manager_hierarchy.TestZonalManagerSA" name="test_set_zonal_quota" time="0.119" /><testcase classname="tests.test_zonal_manager_hierarchy.TestZonalManagerSA" name="test_fund_zonal_wallet" time="0.152" /><testcase classname="tests.test_zonal_manager_hierarchy.TestZMConsole" name="test_my_allocation" time="0.139" /><testcase classname="tests.test_zonal_manager_hierarchy.TestZMConsole" name="test_my_managers" time="0.133" /><testcase classname="tests.test_zonal_manager_hierarchy.TestZMConsole" name="test_zm_create_manager_and_fund" time="0.910" /><testcase classname="tests.test_zonal_manager_hierarchy.TestZMConsole" name="test_zm_cannot_fund_manager_outside_zone" time="0.111" /><testcase classname="tests.test_zonal_manager_hierarchy.TestZMConsole" name="test_zm_cannot_fund_beyond_quota" time="0.131" /><testcase classname="tests.test_zonal_manager_hierarchy.TestAdminCap" name="test_sa_sets_cap" time="0.215" /><testcase classname="tests.test_zonal_manager_hierarchy.TestAdminCap" name="test_zm_sets_cap_on_own_zone_manager" time="0.142" /><testcase classname="tests.test_zonal_manager_hierarchy.TestAdminCap" name="test_zm_cannot_set_cap_outside_zone" time="0.116" /><testcase classname="tests.test_zonal_manager_hierarchy.TestAdminApprovalWorkflow" name="test_manager_cannot_create_admin_directly" time="0.106" /><testcase classname="tests.test_zonal_manager_hierarchy.TestAdminApprovalWorkflow" name="test_manager_submits_request" time="0.496" /><testcase classname="tests.test_zonal_manager_hierarchy.TestAdminApprovalWorkflow" name="test_cap_hard_block_on_submit" time="0.702" /><testcase classname="tests.test_zonal_manager_hierarchy.TestAdminApprovalWorkflow" name="test_zm_cannot_approve_no_zone_request" time="0.134" /><testcase classname="tests.test_zonal_manager_hierarchy.TestAdminApprovalWorkflow" name="test_sa_approves_and_admin_can_login" time="0.586" /><testcase classname="tests.test_zonal_manager_hierarchy.TestAdminApprovalWorkflow" name="test_zm_approves_own_zone_request" time="1.689" /><testcase classname="tests.test_zonal_manager_hierarchy.TestAdminRequestsScope" name="test_sa_sees_all" time="0.134" /><testcase classname="tests.test_zonal_manager_hierarchy.TestAdminRequestsScope" name="test_zm_sees_only_zone" time="0.119" /><testcase classname="tests.test_zonal_manager_hierarchy.TestAdminRequestsScope" name="test_manager_sees_only_own" time="0.133" /><testcase classname="tests.test_zonal_manager_hierarchy.TestBackwardCompat" name="test_sa_can_fund_manager1_directly" time="0.118" /><testcase classname="tests.test_zonal_manager_hierarchy.TestBackwardCompat" name="test_manager1_list_admins" time="0.128" /></testsuite></testsuites>